{"C:\\Users\\WILBERT\\Desktop\\app finanzas\\finanzas-app.jsx": {"path":"C:\\Users\\WILBERT\\Desktop\\app finanzas\\finanzas-app.jsx","all":true,"statementMap":{"0":{"start":{"line":1,"column":0},"end":{"line":1,"column":65}},"1":{"start":{"line":2,"column":0},"end":{"line":2,"column":112}},"2":{"start":{"line":3,"column":0},"end":{"line":3,"column":174}},"3":{"start":{"line":4,"column":0},"end":{"line":4,"column":0}},"4":{"start":{"line":5,"column":0},"end":{"line":5,"column":57}},"5":{"start":{"line":6,"column":0},"end":{"line":6,"column":12}},"6":{"start":{"line":7,"column":0},"end":{"line":7,"column":57}},"7":{"start":{"line":8,"column":0},"end":{"line":8,"column":125}},"8":{"start":{"line":9,"column":0},"end":{"line":9,"column":83}},"9":{"start":{"line":10,"column":0},"end":{"line":10,"column":347}},"10":{"start":{"line":11,"column":0},"end":{"line":11,"column":62}},"11":{"start":{"line":12,"column":0},"end":{"line":12,"column":54}},"12":{"start":{"line":13,"column":0},"end":{"line":13,"column":55}},"13":{"start":{"line":14,"column":0},"end":{"line":14,"column":96}},"14":{"start":{"line":15,"column":0},"end":{"line":15,"column":76}},"15":{"start":{"line":16,"column":0},"end":{"line":16,"column":99}},"16":{"start":{"line":17,"column":0},"end":{"line":17,"column":57}},"17":{"start":{"line":18,"column":0},"end":{"line":18,"column":33}},"18":{"start":{"line":19,"column":0},"end":{"line":19,"column":44}},"19":{"start":{"line":20,"column":0},"end":{"line":20,"column":21}},"20":{"start":{"line":21,"column":0},"end":{"line":21,"column":57}},"21":{"start":{"line":22,"column":0},"end":{"line":22,"column":133}},"22":{"start":{"line":23,"column":0},"end":{"line":23,"column":127}},"23":{"start":{"line":24,"column":0},"end":{"line":24,"column":149}},"24":{"start":{"line":25,"column":0},"end":{"line":25,"column":41}},"25":{"start":{"line":26,"column":0},"end":{"line":26,"column":0}},"26":{"start":{"line":27,"column":0},"end":{"line":27,"column":57}},"27":{"start":{"line":28,"column":0},"end":{"line":28,"column":15}},"28":{"start":{"line":29,"column":0},"end":{"line":29,"column":57}},"29":{"start":{"line":30,"column":0},"end":{"line":30,"column":94}},"30":{"start":{"line":31,"column":0},"end":{"line":31,"column":60}},"31":{"start":{"line":32,"column":0},"end":{"line":32,"column":76}},"32":{"start":{"line":33,"column":0},"end":{"line":33,"column":76}},"33":{"start":{"line":34,"column":0},"end":{"line":34,"column":132}},"34":{"start":{"line":35,"column":0},"end":{"line":35,"column":144}},"35":{"start":{"line":36,"column":0},"end":{"line":36,"column":124}},"36":{"start":{"line":37,"column":0},"end":{"line":37,"column":147}},"37":{"start":{"line":38,"column":0},"end":{"line":38,"column":126}},"38":{"start":{"line":39,"column":0},"end":{"line":39,"column":131}},"39":{"start":{"line":40,"column":0},"end":{"line":40,"column":80}},"40":{"start":{"line":41,"column":0},"end":{"line":41,"column":0}},"41":{"start":{"line":42,"column":0},"end":{"line":42,"column":57}},"42":{"start":{"line":43,"column":0},"end":{"line":43,"column":51}},"43":{"start":{"line":44,"column":0},"end":{"line":44,"column":57}},"44":{"start":{"line":45,"column":0},"end":{"line":45,"column":36}},"45":{"start":{"line":46,"column":0},"end":{"line":46,"column":111}},"46":{"start":{"line":47,"column":0},"end":{"line":47,"column":28}},"47":{"start":{"line":48,"column":0},"end":{"line":48,"column":1}},"48":{"start":{"line":49,"column":0},"end":{"line":49,"column":39}},"49":{"start":{"line":50,"column":0},"end":{"line":50,"column":74}},"50":{"start":{"line":51,"column":0},"end":{"line":51,"column":64}},"51":{"start":{"line":52,"column":0},"end":{"line":52,"column":1}},"52":{"start":{"line":53,"column":0},"end":{"line":53,"column":36}},"53":{"start":{"line":54,"column":0},"end":{"line":54,"column":86}},"54":{"start":{"line":55,"column":0},"end":{"line":55,"column":1}},"55":{"start":{"line":56,"column":0},"end":{"line":56,"column":0}},"56":{"start":{"line":57,"column":0},"end":{"line":57,"column":57}},"57":{"start":{"line":58,"column":0},"end":{"line":58,"column":16}},"58":{"start":{"line":59,"column":0},"end":{"line":59,"column":57}},"59":{"start":{"line":60,"column":0},"end":{"line":60,"column":13}},"60":{"start":{"line":61,"column":0},"end":{"line":61,"column":154}},"61":{"start":{"line":62,"column":0},"end":{"line":62,"column":126}},"62":{"start":{"line":63,"column":0},"end":{"line":63,"column":91}},"63":{"start":{"line":64,"column":0},"end":{"line":64,"column":120}},"64":{"start":{"line":65,"column":0},"end":{"line":65,"column":83}},"65":{"start":{"line":66,"column":0},"end":{"line":66,"column":114}},"66":{"start":{"line":67,"column":0},"end":{"line":67,"column":94}},"67":{"start":{"line":68,"column":0},"end":{"line":68,"column":46}},"68":{"start":{"line":69,"column":0},"end":{"line":69,"column":87}},"69":{"start":{"line":70,"column":0},"end":{"line":70,"column":43}},"70":{"start":{"line":71,"column":0},"end":{"line":71,"column":74}},"71":{"start":{"line":72,"column":0},"end":{"line":72,"column":94}},"72":{"start":{"line":73,"column":0},"end":{"line":73,"column":0}},"73":{"start":{"line":74,"column":0},"end":{"line":74,"column":17}},"74":{"start":{"line":75,"column":0},"end":{"line":75,"column":126}},"75":{"start":{"line":76,"column":0},"end":{"line":76,"column":98}},"76":{"start":{"line":77,"column":0},"end":{"line":77,"column":121}},"77":{"start":{"line":78,"column":0},"end":{"line":78,"column":122}},"78":{"start":{"line":79,"column":0},"end":{"line":79,"column":150}},"79":{"start":{"line":80,"column":0},"end":{"line":80,"column":31}},"80":{"start":{"line":81,"column":0},"end":{"line":81,"column":152}},"81":{"start":{"line":82,"column":0},"end":{"line":82,"column":0}},"82":{"start":{"line":83,"column":0},"end":{"line":83,"column":20}},"83":{"start":{"line":84,"column":0},"end":{"line":84,"column":143}},"84":{"start":{"line":85,"column":0},"end":{"line":85,"column":45}},"85":{"start":{"line":86,"column":0},"end":{"line":86,"column":123}},"86":{"start":{"line":87,"column":0},"end":{"line":87,"column":136}},"87":{"start":{"line":88,"column":0},"end":{"line":88,"column":71}},"88":{"start":{"line":89,"column":0},"end":{"line":89,"column":111}},"89":{"start":{"line":90,"column":0},"end":{"line":90,"column":104}},"90":{"start":{"line":91,"column":0},"end":{"line":91,"column":148}},"91":{"start":{"line":92,"column":0},"end":{"line":92,"column":66}},"92":{"start":{"line":93,"column":0},"end":{"line":93,"column":106}},"93":{"start":{"line":94,"column":0},"end":{"line":94,"column":0}},"94":{"start":{"line":95,"column":0},"end":{"line":95,"column":26}},"95":{"start":{"line":96,"column":0},"end":{"line":96,"column":127}},"96":{"start":{"line":97,"column":0},"end":{"line":97,"column":122}},"97":{"start":{"line":98,"column":0},"end":{"line":98,"column":138}},"98":{"start":{"line":99,"column":0},"end":{"line":99,"column":59}},"99":{"start":{"line":100,"column":0},"end":{"line":100,"column":113}},"100":{"start":{"line":101,"column":0},"end":{"line":101,"column":119}},"101":{"start":{"line":102,"column":0},"end":{"line":102,"column":62}},"102":{"start":{"line":103,"column":0},"end":{"line":103,"column":123}},"103":{"start":{"line":104,"column":0},"end":{"line":104,"column":134}},"104":{"start":{"line":105,"column":0},"end":{"line":105,"column":0}},"105":{"start":{"line":106,"column":0},"end":{"line":106,"column":17}},"106":{"start":{"line":107,"column":0},"end":{"line":107,"column":74}},"107":{"start":{"line":108,"column":0},"end":{"line":108,"column":123}},"108":{"start":{"line":109,"column":0},"end":{"line":109,"column":75}},"109":{"start":{"line":110,"column":0},"end":{"line":110,"column":77}},"110":{"start":{"line":111,"column":0},"end":{"line":111,"column":78}},"111":{"start":{"line":112,"column":0},"end":{"line":112,"column":77}},"112":{"start":{"line":113,"column":0},"end":{"line":113,"column":78}},"113":{"start":{"line":114,"column":0},"end":{"line":114,"column":113}},"114":{"start":{"line":115,"column":0},"end":{"line":115,"column":120}},"115":{"start":{"line":116,"column":0},"end":{"line":116,"column":0}},"116":{"start":{"line":117,"column":0},"end":{"line":117,"column":18}},"117":{"start":{"line":118,"column":0},"end":{"line":118,"column":119}},"118":{"start":{"line":119,"column":0},"end":{"line":119,"column":138}},"119":{"start":{"line":120,"column":0},"end":{"line":120,"column":35}},"120":{"start":{"line":121,"column":0},"end":{"line":121,"column":111}},"121":{"start":{"line":122,"column":0},"end":{"line":122,"column":88}},"122":{"start":{"line":123,"column":0},"end":{"line":123,"column":90}},"123":{"start":{"line":124,"column":0},"end":{"line":124,"column":88}},"124":{"start":{"line":125,"column":0},"end":{"line":125,"column":0}},"125":{"start":{"line":126,"column":0},"end":{"line":126,"column":17}},"126":{"start":{"line":127,"column":0},"end":{"line":127,"column":114}},"127":{"start":{"line":128,"column":0},"end":{"line":128,"column":94}},"128":{"start":{"line":129,"column":0},"end":{"line":129,"column":57}},"129":{"start":{"line":130,"column":0},"end":{"line":130,"column":122}},"130":{"start":{"line":131,"column":0},"end":{"line":131,"column":145}},"131":{"start":{"line":132,"column":0},"end":{"line":132,"column":72}},"132":{"start":{"line":133,"column":0},"end":{"line":133,"column":99}},"133":{"start":{"line":134,"column":0},"end":{"line":134,"column":131}},"134":{"start":{"line":135,"column":0},"end":{"line":135,"column":94}},"135":{"start":{"line":136,"column":0},"end":{"line":136,"column":0}},"136":{"start":{"line":137,"column":0},"end":{"line":137,"column":18}},"137":{"start":{"line":138,"column":0},"end":{"line":138,"column":130}},"138":{"start":{"line":139,"column":0},"end":{"line":139,"column":86}},"139":{"start":{"line":140,"column":0},"end":{"line":140,"column":91}},"140":{"start":{"line":141,"column":0},"end":{"line":141,"column":97}},"141":{"start":{"line":142,"column":0},"end":{"line":142,"column":60}},"142":{"start":{"line":143,"column":0},"end":{"line":143,"column":126}},"143":{"start":{"line":144,"column":0},"end":{"line":144,"column":99}},"144":{"start":{"line":145,"column":0},"end":{"line":145,"column":147}},"145":{"start":{"line":146,"column":0},"end":{"line":146,"column":106}},"146":{"start":{"line":147,"column":0},"end":{"line":147,"column":129}},"147":{"start":{"line":148,"column":0},"end":{"line":148,"column":86}},"148":{"start":{"line":149,"column":0},"end":{"line":149,"column":105}},"149":{"start":{"line":150,"column":0},"end":{"line":150,"column":122}},"150":{"start":{"line":151,"column":0},"end":{"line":151,"column":129}},"151":{"start":{"line":152,"column":0},"end":{"line":152,"column":109}},"152":{"start":{"line":153,"column":0},"end":{"line":153,"column":107}},"153":{"start":{"line":154,"column":0},"end":{"line":154,"column":22}},"154":{"start":{"line":155,"column":0},"end":{"line":155,"column":120}},"155":{"start":{"line":156,"column":0},"end":{"line":156,"column":144}},"156":{"start":{"line":157,"column":0},"end":{"line":157,"column":89}},"157":{"start":{"line":158,"column":0},"end":{"line":158,"column":111}},"158":{"start":{"line":159,"column":0},"end":{"line":159,"column":95}},"159":{"start":{"line":160,"column":0},"end":{"line":160,"column":114}},"160":{"start":{"line":161,"column":0},"end":{"line":161,"column":171}},"161":{"start":{"line":162,"column":0},"end":{"line":162,"column":96}},"162":{"start":{"line":163,"column":0},"end":{"line":163,"column":64}},"163":{"start":{"line":164,"column":0},"end":{"line":164,"column":185}},"164":{"start":{"line":165,"column":0},"end":{"line":165,"column":208}},"165":{"start":{"line":166,"column":0},"end":{"line":166,"column":154}},"166":{"start":{"line":167,"column":0},"end":{"line":167,"column":123}},"167":{"start":{"line":168,"column":0},"end":{"line":168,"column":250}},"168":{"start":{"line":169,"column":0},"end":{"line":169,"column":225}},"169":{"start":{"line":170,"column":0},"end":{"line":170,"column":182}},"170":{"start":{"line":171,"column":0},"end":{"line":171,"column":121}},"171":{"start":{"line":172,"column":0},"end":{"line":172,"column":115}},"172":{"start":{"line":173,"column":0},"end":{"line":173,"column":0}},"173":{"start":{"line":174,"column":0},"end":{"line":174,"column":20}},"174":{"start":{"line":175,"column":0},"end":{"line":175,"column":172}},"175":{"start":{"line":176,"column":0},"end":{"line":176,"column":236}},"176":{"start":{"line":177,"column":0},"end":{"line":177,"column":85}},"177":{"start":{"line":178,"column":0},"end":{"line":178,"column":77}},"178":{"start":{"line":179,"column":0},"end":{"line":179,"column":167}},"179":{"start":{"line":180,"column":0},"end":{"line":180,"column":215}},"180":{"start":{"line":181,"column":0},"end":{"line":181,"column":56}},"181":{"start":{"line":182,"column":0},"end":{"line":182,"column":251}},"182":{"start":{"line":183,"column":0},"end":{"line":183,"column":143}},"183":{"start":{"line":184,"column":0},"end":{"line":184,"column":56}},"184":{"start":{"line":185,"column":0},"end":{"line":185,"column":302}},"185":{"start":{"line":186,"column":0},"end":{"line":186,"column":153}},"186":{"start":{"line":187,"column":0},"end":{"line":187,"column":184}},"187":{"start":{"line":188,"column":0},"end":{"line":188,"column":168}},"188":{"start":{"line":189,"column":0},"end":{"line":189,"column":131}},"189":{"start":{"line":190,"column":0},"end":{"line":190,"column":184}},"190":{"start":{"line":191,"column":0},"end":{"line":191,"column":150}},"191":{"start":{"line":192,"column":0},"end":{"line":192,"column":130}},"192":{"start":{"line":193,"column":0},"end":{"line":193,"column":178}},"193":{"start":{"line":194,"column":0},"end":{"line":194,"column":150}},"194":{"start":{"line":195,"column":0},"end":{"line":195,"column":97}},"195":{"start":{"line":196,"column":0},"end":{"line":196,"column":244}},"196":{"start":{"line":197,"column":0},"end":{"line":197,"column":102}},"197":{"start":{"line":198,"column":0},"end":{"line":198,"column":128}},"198":{"start":{"line":199,"column":0},"end":{"line":199,"column":140}},"199":{"start":{"line":200,"column":0},"end":{"line":200,"column":129}},"200":{"start":{"line":201,"column":0},"end":{"line":201,"column":102}},"201":{"start":{"line":202,"column":0},"end":{"line":202,"column":119}},"202":{"start":{"line":203,"column":0},"end":{"line":203,"column":58}},"203":{"start":{"line":204,"column":0},"end":{"line":204,"column":166}},"204":{"start":{"line":205,"column":0},"end":{"line":205,"column":100}},"205":{"start":{"line":206,"column":0},"end":{"line":206,"column":193}},"206":{"start":{"line":207,"column":0},"end":{"line":207,"column":0}},"207":{"start":{"line":208,"column":0},"end":{"line":208,"column":37}},"208":{"start":{"line":209,"column":0},"end":{"line":209,"column":164}},"209":{"start":{"line":210,"column":0},"end":{"line":210,"column":263}},"210":{"start":{"line":211,"column":0},"end":{"line":211,"column":265}},"211":{"start":{"line":212,"column":0},"end":{"line":212,"column":101}},"212":{"start":{"line":213,"column":0},"end":{"line":213,"column":101}},"213":{"start":{"line":214,"column":0},"end":{"line":214,"column":129}},"214":{"start":{"line":215,"column":0},"end":{"line":215,"column":220}},"215":{"start":{"line":216,"column":0},"end":{"line":216,"column":90}},"216":{"start":{"line":217,"column":0},"end":{"line":217,"column":89}},"217":{"start":{"line":218,"column":0},"end":{"line":218,"column":277}},"218":{"start":{"line":219,"column":0},"end":{"line":219,"column":320}},"219":{"start":{"line":220,"column":0},"end":{"line":220,"column":234}},"220":{"start":{"line":221,"column":0},"end":{"line":221,"column":109}},"221":{"start":{"line":222,"column":0},"end":{"line":222,"column":141}},"222":{"start":{"line":223,"column":0},"end":{"line":223,"column":189}},"223":{"start":{"line":224,"column":0},"end":{"line":224,"column":71}},"224":{"start":{"line":225,"column":0},"end":{"line":225,"column":43}},"225":{"start":{"line":226,"column":0},"end":{"line":226,"column":160}},"226":{"start":{"line":227,"column":0},"end":{"line":227,"column":41}},"227":{"start":{"line":228,"column":0},"end":{"line":228,"column":258}},"228":{"start":{"line":229,"column":0},"end":{"line":229,"column":85}},"229":{"start":{"line":230,"column":0},"end":{"line":230,"column":50}},"230":{"start":{"line":231,"column":0},"end":{"line":231,"column":54}},"231":{"start":{"line":232,"column":0},"end":{"line":232,"column":129}},"232":{"start":{"line":233,"column":0},"end":{"line":233,"column":333}},"233":{"start":{"line":234,"column":0},"end":{"line":234,"column":65}},"234":{"start":{"line":235,"column":0},"end":{"line":235,"column":243}},"235":{"start":{"line":236,"column":0},"end":{"line":236,"column":111}},"236":{"start":{"line":237,"column":0},"end":{"line":237,"column":62}},"237":{"start":{"line":238,"column":0},"end":{"line":238,"column":79}},"238":{"start":{"line":239,"column":0},"end":{"line":239,"column":59}},"239":{"start":{"line":240,"column":0},"end":{"line":240,"column":269}},"240":{"start":{"line":241,"column":0},"end":{"line":241,"column":63}},"241":{"start":{"line":242,"column":0},"end":{"line":242,"column":70}},"242":{"start":{"line":243,"column":0},"end":{"line":243,"column":167}},"243":{"start":{"line":244,"column":0},"end":{"line":244,"column":197}},"244":{"start":{"line":245,"column":0},"end":{"line":245,"column":170}},"245":{"start":{"line":246,"column":0},"end":{"line":246,"column":118}},"246":{"start":{"line":247,"column":0},"end":{"line":247,"column":71}},"247":{"start":{"line":248,"column":0},"end":{"line":248,"column":195}},"248":{"start":{"line":249,"column":0},"end":{"line":249,"column":84}},"249":{"start":{"line":250,"column":0},"end":{"line":250,"column":0}},"250":{"start":{"line":251,"column":0},"end":{"line":251,"column":18}},"251":{"start":{"line":252,"column":0},"end":{"line":252,"column":104}},"252":{"start":{"line":253,"column":0},"end":{"line":253,"column":95}},"253":{"start":{"line":254,"column":0},"end":{"line":254,"column":71}},"254":{"start":{"line":255,"column":0},"end":{"line":255,"column":218}},"255":{"start":{"line":256,"column":0},"end":{"line":256,"column":111}},"256":{"start":{"line":257,"column":0},"end":{"line":257,"column":87}},"257":{"start":{"line":258,"column":0},"end":{"line":258,"column":89}},"258":{"start":{"line":259,"column":0},"end":{"line":259,"column":2}},"259":{"start":{"line":260,"column":0},"end":{"line":260,"column":0}},"260":{"start":{"line":261,"column":0},"end":{"line":261,"column":57}},"261":{"start":{"line":262,"column":0},"end":{"line":262,"column":44}},"262":{"start":{"line":263,"column":0},"end":{"line":263,"column":57}},"263":{"start":{"line":264,"column":0},"end":{"line":264,"column":52}},"264":{"start":{"line":265,"column":0},"end":{"line":265,"column":53}},"265":{"start":{"line":266,"column":0},"end":{"line":266,"column":27}},"266":{"start":{"line":267,"column":0},"end":{"line":267,"column":104}},"267":{"start":{"line":268,"column":0},"end":{"line":268,"column":132}},"268":{"start":{"line":269,"column":0},"end":{"line":269,"column":108}},"269":{"start":{"line":270,"column":0},"end":{"line":270,"column":144}},"270":{"start":{"line":271,"column":0},"end":{"line":271,"column":1}},"271":{"start":{"line":272,"column":0},"end":{"line":272,"column":0}},"272":{"start":{"line":273,"column":0},"end":{"line":273,"column":57}},"273":{"start":{"line":274,"column":0},"end":{"line":274,"column":18}},"274":{"start":{"line":275,"column":0},"end":{"line":275,"column":57}},"275":{"start":{"line":276,"column":0},"end":{"line":276,"column":119}},"276":{"start":{"line":277,"column":0},"end":{"line":277,"column":149}},"277":{"start":{"line":278,"column":0},"end":{"line":278,"column":68}},"278":{"start":{"line":279,"column":0},"end":{"line":279,"column":94}},"279":{"start":{"line":280,"column":0},"end":{"line":280,"column":147}},"280":{"start":{"line":281,"column":0},"end":{"line":281,"column":164}},"281":{"start":{"line":282,"column":0},"end":{"line":282,"column":176}},"282":{"start":{"line":283,"column":0},"end":{"line":283,"column":179}},"283":{"start":{"line":284,"column":0},"end":{"line":284,"column":159}},"284":{"start":{"line":285,"column":0},"end":{"line":285,"column":147}},"285":{"start":{"line":286,"column":0},"end":{"line":286,"column":129}},"286":{"start":{"line":287,"column":0},"end":{"line":287,"column":0}},"287":{"start":{"line":288,"column":0},"end":{"line":288,"column":57}},"288":{"start":{"line":289,"column":0},"end":{"line":289,"column":13}},"289":{"start":{"line":290,"column":0},"end":{"line":290,"column":57}},"290":{"start":{"line":291,"column":0},"end":{"line":291,"column":144}},"291":{"start":{"line":292,"column":0},"end":{"line":292,"column":116}},"292":{"start":{"line":293,"column":0},"end":{"line":293,"column":109}},"293":{"start":{"line":294,"column":0},"end":{"line":294,"column":109}},"294":{"start":{"line":295,"column":0},"end":{"line":295,"column":101}},"295":{"start":{"line":296,"column":0},"end":{"line":296,"column":81}},"296":{"start":{"line":297,"column":0},"end":{"line":297,"column":84}},"297":{"start":{"line":298,"column":0},"end":{"line":298,"column":79}},"298":{"start":{"line":299,"column":0},"end":{"line":299,"column":89}},"299":{"start":{"line":300,"column":0},"end":{"line":300,"column":46}},"300":{"start":{"line":301,"column":0},"end":{"line":301,"column":127}},"301":{"start":{"line":302,"column":0},"end":{"line":302,"column":87}},"302":{"start":{"line":303,"column":0},"end":{"line":303,"column":103}},"303":{"start":{"line":304,"column":0},"end":{"line":304,"column":0}},"304":{"start":{"line":305,"column":0},"end":{"line":305,"column":199}},"305":{"start":{"line":306,"column":0},"end":{"line":306,"column":116}},"306":{"start":{"line":307,"column":0},"end":{"line":307,"column":109}},"307":{"start":{"line":308,"column":0},"end":{"line":308,"column":109}},"308":{"start":{"line":309,"column":0},"end":{"line":309,"column":100}},"309":{"start":{"line":310,"column":0},"end":{"line":310,"column":82}},"310":{"start":{"line":311,"column":0},"end":{"line":311,"column":84}},"311":{"start":{"line":312,"column":0},"end":{"line":312,"column":87}},"312":{"start":{"line":313,"column":0},"end":{"line":313,"column":44}},"313":{"start":{"line":314,"column":0},"end":{"line":314,"column":124}},"314":{"start":{"line":315,"column":0},"end":{"line":315,"column":86}},"315":{"start":{"line":316,"column":0},"end":{"line":316,"column":171}},"316":{"start":{"line":317,"column":0},"end":{"line":317,"column":0}},"317":{"start":{"line":318,"column":0},"end":{"line":318,"column":129}},"318":{"start":{"line":319,"column":0},"end":{"line":319,"column":123}},"319":{"start":{"line":320,"column":0},"end":{"line":320,"column":128}},"320":{"start":{"line":321,"column":0},"end":{"line":321,"column":109}},"321":{"start":{"line":322,"column":0},"end":{"line":322,"column":168}},"322":{"start":{"line":323,"column":0},"end":{"line":323,"column":78}},"323":{"start":{"line":324,"column":0},"end":{"line":324,"column":109}},"324":{"start":{"line":325,"column":0},"end":{"line":325,"column":102}},"325":{"start":{"line":326,"column":0},"end":{"line":326,"column":84}},"326":{"start":{"line":327,"column":0},"end":{"line":327,"column":85}},"327":{"start":{"line":328,"column":0},"end":{"line":328,"column":65}},"328":{"start":{"line":329,"column":0},"end":{"line":329,"column":0}},"329":{"start":{"line":330,"column":0},"end":{"line":330,"column":57}},"330":{"start":{"line":331,"column":0},"end":{"line":331,"column":12}},"331":{"start":{"line":332,"column":0},"end":{"line":332,"column":57}},"332":{"start":{"line":333,"column":0},"end":{"line":333,"column":52}},"333":{"start":{"line":334,"column":0},"end":{"line":334,"column":275}},"334":{"start":{"line":335,"column":0},"end":{"line":335,"column":225}},"335":{"start":{"line":336,"column":0},"end":{"line":336,"column":202}},"336":{"start":{"line":337,"column":0},"end":{"line":337,"column":162}},"337":{"start":{"line":338,"column":0},"end":{"line":338,"column":105}},"338":{"start":{"line":339,"column":0},"end":{"line":339,"column":103}},"339":{"start":{"line":340,"column":0},"end":{"line":340,"column":61}},"340":{"start":{"line":341,"column":0},"end":{"line":341,"column":160}},"341":{"start":{"line":342,"column":0},"end":{"line":342,"column":180}},"342":{"start":{"line":343,"column":0},"end":{"line":343,"column":192}},"343":{"start":{"line":344,"column":0},"end":{"line":344,"column":40}},"344":{"start":{"line":345,"column":0},"end":{"line":345,"column":138}},"345":{"start":{"line":346,"column":0},"end":{"line":346,"column":115}},"346":{"start":{"line":347,"column":0},"end":{"line":347,"column":126}},"347":{"start":{"line":348,"column":0},"end":{"line":348,"column":119}},"348":{"start":{"line":349,"column":0},"end":{"line":349,"column":36}},"349":{"start":{"line":350,"column":0},"end":{"line":350,"column":110}},"350":{"start":{"line":351,"column":0},"end":{"line":351,"column":116}},"351":{"start":{"line":352,"column":0},"end":{"line":352,"column":173}},"352":{"start":{"line":353,"column":0},"end":{"line":353,"column":16}},"353":{"start":{"line":354,"column":0},"end":{"line":354,"column":1}},"354":{"start":{"line":355,"column":0},"end":{"line":355,"column":0}},"355":{"start":{"line":356,"column":0},"end":{"line":356,"column":57}},"356":{"start":{"line":357,"column":0},"end":{"line":357,"column":34}},"357":{"start":{"line":358,"column":0},"end":{"line":358,"column":57}},"358":{"start":{"line":359,"column":0},"end":{"line":359,"column":36}},"359":{"start":{"line":360,"column":0},"end":{"line":360,"column":44}},"360":{"start":{"line":361,"column":0},"end":{"line":361,"column":41}},"361":{"start":{"line":362,"column":0},"end":{"line":362,"column":39}},"362":{"start":{"line":363,"column":0},"end":{"line":363,"column":39}},"363":{"start":{"line":364,"column":0},"end":{"line":364,"column":44}},"364":{"start":{"line":365,"column":0},"end":{"line":365,"column":37}},"365":{"start":{"line":366,"column":0},"end":{"line":366,"column":38}},"366":{"start":{"line":367,"column":0},"end":{"line":367,"column":0}},"367":{"start":{"line":368,"column":0},"end":{"line":368,"column":26}},"368":{"start":{"line":369,"column":0},"end":{"line":369,"column":15}},"369":{"start":{"line":370,"column":0},"end":{"line":370,"column":87}},"370":{"start":{"line":371,"column":0},"end":{"line":371,"column":75}},"371":{"start":{"line":372,"column":0},"end":{"line":372,"column":67}},"372":{"start":{"line":373,"column":0},"end":{"line":373,"column":85}},"373":{"start":{"line":374,"column":0},"end":{"line":374,"column":16}},"374":{"start":{"line":375,"column":0},"end":{"line":375,"column":51}},"375":{"start":{"line":376,"column":0},"end":{"line":376,"column":9}},"376":{"start":{"line":377,"column":0},"end":{"line":377,"column":32}},"377":{"start":{"line":378,"column":0},"end":{"line":378,"column":33}},"378":{"start":{"line":379,"column":0},"end":{"line":379,"column":72}},"379":{"start":{"line":380,"column":0},"end":{"line":380,"column":119}},"380":{"start":{"line":381,"column":0},"end":{"line":381,"column":36}},"381":{"start":{"line":382,"column":0},"end":{"line":382,"column":89}},"382":{"start":{"line":383,"column":0},"end":{"line":383,"column":19}},"383":{"start":{"line":384,"column":0},"end":{"line":384,"column":14}},"384":{"start":{"line":385,"column":0},"end":{"line":385,"column":32}},"385":{"start":{"line":386,"column":0},"end":{"line":386,"column":83}},"386":{"start":{"line":387,"column":0},"end":{"line":387,"column":87}},"387":{"start":{"line":388,"column":0},"end":{"line":388,"column":19}},"388":{"start":{"line":389,"column":0},"end":{"line":389,"column":7}},"389":{"start":{"line":390,"column":0},"end":{"line":390,"column":48}},"390":{"start":{"line":391,"column":0},"end":{"line":391,"column":17}},"391":{"start":{"line":392,"column":0},"end":{"line":392,"column":4}},"392":{"start":{"line":393,"column":0},"end":{"line":393,"column":0}},"393":{"start":{"line":394,"column":0},"end":{"line":394,"column":10}},"394":{"start":{"line":395,"column":0},"end":{"line":395,"column":23}},"395":{"start":{"line":396,"column":0},"end":{"line":396,"column":26}},"396":{"start":{"line":397,"column":0},"end":{"line":397,"column":26}},"397":{"start":{"line":398,"column":0},"end":{"line":398,"column":30}},"398":{"start":{"line":399,"column":0},"end":{"line":399,"column":30}},"399":{"start":{"line":400,"column":0},"end":{"line":400,"column":45}},"400":{"start":{"line":401,"column":0},"end":{"line":401,"column":87}},"401":{"start":{"line":402,"column":0},"end":{"line":402,"column":45}},"402":{"start":{"line":403,"column":0},"end":{"line":403,"column":14}},"403":{"start":{"line":404,"column":0},"end":{"line":404,"column":0}},"404":{"start":{"line":405,"column":0},"end":{"line":405,"column":29}},"405":{"start":{"line":406,"column":0},"end":{"line":406,"column":51}},"406":{"start":{"line":407,"column":0},"end":{"line":407,"column":76}},"407":{"start":{"line":408,"column":0},"end":{"line":408,"column":0}},"408":{"start":{"line":409,"column":0},"end":{"line":409,"column":28}},"409":{"start":{"line":410,"column":0},"end":{"line":410,"column":35}},"410":{"start":{"line":411,"column":0},"end":{"line":411,"column":146}},"411":{"start":{"line":412,"column":0},"end":{"line":412,"column":150}},"412":{"start":{"line":413,"column":0},"end":{"line":413,"column":16}},"413":{"start":{"line":414,"column":0},"end":{"line":414,"column":0}},"414":{"start":{"line":415,"column":0},"end":{"line":415,"column":51}},"415":{"start":{"line":416,"column":0},"end":{"line":416,"column":0}},"416":{"start":{"line":417,"column":0},"end":{"line":417,"column":35}},"417":{"start":{"line":418,"column":0},"end":{"line":418,"column":34}},"418":{"start":{"line":419,"column":0},"end":{"line":419,"column":62}},"419":{"start":{"line":420,"column":0},"end":{"line":420,"column":116}},"420":{"start":{"line":421,"column":0},"end":{"line":421,"column":18}},"421":{"start":{"line":422,"column":0},"end":{"line":422,"column":12}},"422":{"start":{"line":423,"column":0},"end":{"line":423,"column":0}},"423":{"start":{"line":424,"column":0},"end":{"line":424,"column":32}},"424":{"start":{"line":425,"column":0},"end":{"line":425,"column":60}},"425":{"start":{"line":426,"column":0},"end":{"line":426,"column":160}},"426":{"start":{"line":427,"column":0},"end":{"line":427,"column":16}},"427":{"start":{"line":428,"column":0},"end":{"line":428,"column":0}},"428":{"start":{"line":429,"column":0},"end":{"line":429,"column":32}},"429":{"start":{"line":430,"column":0},"end":{"line":430,"column":60}},"430":{"start":{"line":431,"column":0},"end":{"line":431,"column":34}},"431":{"start":{"line":432,"column":0},"end":{"line":432,"column":109}},"432":{"start":{"line":433,"column":0},"end":{"line":433,"column":108}},"433":{"start":{"line":434,"column":0},"end":{"line":434,"column":131}},"434":{"start":{"line":435,"column":0},"end":{"line":435,"column":18}},"435":{"start":{"line":436,"column":0},"end":{"line":436,"column":16}},"436":{"start":{"line":437,"column":0},"end":{"line":437,"column":0}},"437":{"start":{"line":438,"column":0},"end":{"line":438,"column":64}},"438":{"start":{"line":439,"column":0},"end":{"line":439,"column":102}},"439":{"start":{"line":440,"column":0},"end":{"line":440,"column":19}},"440":{"start":{"line":441,"column":0},"end":{"line":441,"column":0}},"441":{"start":{"line":442,"column":0},"end":{"line":442,"column":28}},"442":{"start":{"line":443,"column":0},"end":{"line":443,"column":58}},"443":{"start":{"line":444,"column":0},"end":{"line":444,"column":57}},"444":{"start":{"line":445,"column":0},"end":{"line":445,"column":50}},"445":{"start":{"line":446,"column":0},"end":{"line":446,"column":19}},"446":{"start":{"line":447,"column":0},"end":{"line":447,"column":14}},"447":{"start":{"line":448,"column":0},"end":{"line":448,"column":0}},"448":{"start":{"line":449,"column":0},"end":{"line":449,"column":29}},"449":{"start":{"line":450,"column":0},"end":{"line":450,"column":31}},"450":{"start":{"line":451,"column":0},"end":{"line":451,"column":130}},"451":{"start":{"line":452,"column":0},"end":{"line":452,"column":132}},"452":{"start":{"line":453,"column":0},"end":{"line":453,"column":132}},"453":{"start":{"line":454,"column":0},"end":{"line":454,"column":14}},"454":{"start":{"line":455,"column":0},"end":{"line":455,"column":12}},"455":{"start":{"line":456,"column":0},"end":{"line":456,"column":10}},"456":{"start":{"line":457,"column":0},"end":{"line":457,"column":4}},"457":{"start":{"line":458,"column":0},"end":{"line":458,"column":1}},"458":{"start":{"line":459,"column":0},"end":{"line":459,"column":0}},"459":{"start":{"line":460,"column":0},"end":{"line":460,"column":57}},"460":{"start":{"line":461,"column":0},"end":{"line":461,"column":15}},"461":{"start":{"line":462,"column":0},"end":{"line":462,"column":57}},"462":{"start":{"line":463,"column":0},"end":{"line":463,"column":39}},"463":{"start":{"line":464,"column":0},"end":{"line":464,"column":142}},"464":{"start":{"line":465,"column":0},"end":{"line":465,"column":175}},"465":{"start":{"line":466,"column":0},"end":{"line":466,"column":25}},"466":{"start":{"line":467,"column":0},"end":{"line":467,"column":145}},"467":{"start":{"line":468,"column":0},"end":{"line":468,"column":111}},"468":{"start":{"line":469,"column":0},"end":{"line":469,"column":116}},"469":{"start":{"line":470,"column":0},"end":{"line":470,"column":71}},"470":{"start":{"line":471,"column":0},"end":{"line":471,"column":153}},"471":{"start":{"line":472,"column":0},"end":{"line":472,"column":143}},"472":{"start":{"line":473,"column":0},"end":{"line":473,"column":145}},"473":{"start":{"line":474,"column":0},"end":{"line":474,"column":172}},"474":{"start":{"line":475,"column":0},"end":{"line":475,"column":94}},"475":{"start":{"line":476,"column":0},"end":{"line":476,"column":139}},"476":{"start":{"line":477,"column":0},"end":{"line":477,"column":192}},"477":{"start":{"line":478,"column":0},"end":{"line":478,"column":72}},"478":{"start":{"line":479,"column":0},"end":{"line":479,"column":182}},"479":{"start":{"line":480,"column":0},"end":{"line":480,"column":82}},"480":{"start":{"line":481,"column":0},"end":{"line":481,"column":147}},"481":{"start":{"line":482,"column":0},"end":{"line":482,"column":100}},"482":{"start":{"line":483,"column":0},"end":{"line":483,"column":114}},"483":{"start":{"line":484,"column":0},"end":{"line":484,"column":1}},"484":{"start":{"line":485,"column":0},"end":{"line":485,"column":0}},"485":{"start":{"line":486,"column":0},"end":{"line":486,"column":57}},"486":{"start":{"line":487,"column":0},"end":{"line":487,"column":49}},"487":{"start":{"line":488,"column":0},"end":{"line":488,"column":57}},"488":{"start":{"line":489,"column":0},"end":{"line":489,"column":180}},"489":{"start":{"line":490,"column":0},"end":{"line":490,"column":239}},"490":{"start":{"line":491,"column":0},"end":{"line":491,"column":149}},"491":{"start":{"line":492,"column":0},"end":{"line":492,"column":142}},"492":{"start":{"line":493,"column":0},"end":{"line":493,"column":71}},"493":{"start":{"line":494,"column":0},"end":{"line":494,"column":134}},"494":{"start":{"line":495,"column":0},"end":{"line":495,"column":169}},"495":{"start":{"line":496,"column":0},"end":{"line":496,"column":121}},"496":{"start":{"line":497,"column":0},"end":{"line":497,"column":96}},"497":{"start":{"line":498,"column":0},"end":{"line":498,"column":93}},"498":{"start":{"line":499,"column":0},"end":{"line":499,"column":148}},"499":{"start":{"line":500,"column":0},"end":{"line":500,"column":104}},"500":{"start":{"line":501,"column":0},"end":{"line":501,"column":103}},"501":{"start":{"line":502,"column":0},"end":{"line":502,"column":74}},"502":{"start":{"line":503,"column":0},"end":{"line":503,"column":134}},"503":{"start":{"line":504,"column":0},"end":{"line":504,"column":146}},"504":{"start":{"line":505,"column":0},"end":{"line":505,"column":140}},"505":{"start":{"line":506,"column":0},"end":{"line":506,"column":109}},"506":{"start":{"line":507,"column":0},"end":{"line":507,"column":196}},"507":{"start":{"line":508,"column":0},"end":{"line":508,"column":101}},"508":{"start":{"line":509,"column":0},"end":{"line":509,"column":86}},"509":{"start":{"line":510,"column":0},"end":{"line":510,"column":223}},"510":{"start":{"line":511,"column":0},"end":{"line":511,"column":126}},"511":{"start":{"line":512,"column":0},"end":{"line":512,"column":160}},"512":{"start":{"line":513,"column":0},"end":{"line":513,"column":91}},"513":{"start":{"line":514,"column":0},"end":{"line":514,"column":130}},"514":{"start":{"line":515,"column":0},"end":{"line":515,"column":145}},"515":{"start":{"line":516,"column":0},"end":{"line":516,"column":165}},"516":{"start":{"line":517,"column":0},"end":{"line":517,"column":90}},"517":{"start":{"line":518,"column":0},"end":{"line":518,"column":120}},"518":{"start":{"line":519,"column":0},"end":{"line":519,"column":156}},"519":{"start":{"line":520,"column":0},"end":{"line":520,"column":178}},"520":{"start":{"line":521,"column":0},"end":{"line":521,"column":106}},"521":{"start":{"line":522,"column":0},"end":{"line":522,"column":145}},"522":{"start":{"line":523,"column":0},"end":{"line":523,"column":101}},"523":{"start":{"line":524,"column":0},"end":{"line":524,"column":118}},"524":{"start":{"line":525,"column":0},"end":{"line":525,"column":148}},"525":{"start":{"line":526,"column":0},"end":{"line":526,"column":12}},"526":{"start":{"line":527,"column":0},"end":{"line":527,"column":0}},"527":{"start":{"line":528,"column":0},"end":{"line":528,"column":190}},"528":{"start":{"line":529,"column":0},"end":{"line":529,"column":175}},"529":{"start":{"line":530,"column":0},"end":{"line":530,"column":107}},"530":{"start":{"line":531,"column":0},"end":{"line":531,"column":130}},"531":{"start":{"line":532,"column":0},"end":{"line":532,"column":91}},"532":{"start":{"line":533,"column":0},"end":{"line":533,"column":106}},"533":{"start":{"line":534,"column":0},"end":{"line":534,"column":50}},"534":{"start":{"line":535,"column":0},"end":{"line":535,"column":139}},"535":{"start":{"line":536,"column":0},"end":{"line":536,"column":105}},"536":{"start":{"line":537,"column":0},"end":{"line":537,"column":148}},"537":{"start":{"line":538,"column":0},"end":{"line":538,"column":99}},"538":{"start":{"line":539,"column":0},"end":{"line":539,"column":161}},"539":{"start":{"line":540,"column":0},"end":{"line":540,"column":145}},"540":{"start":{"line":541,"column":0},"end":{"line":541,"column":141}},"541":{"start":{"line":542,"column":0},"end":{"line":542,"column":143}},"542":{"start":{"line":543,"column":0},"end":{"line":543,"column":135}},"543":{"start":{"line":544,"column":0},"end":{"line":544,"column":138}},"544":{"start":{"line":545,"column":0},"end":{"line":545,"column":85}},"545":{"start":{"line":546,"column":0},"end":{"line":546,"column":151}},"546":{"start":{"line":547,"column":0},"end":{"line":547,"column":81}},"547":{"start":{"line":548,"column":0},"end":{"line":548,"column":229}},"548":{"start":{"line":549,"column":0},"end":{"line":549,"column":137}},"549":{"start":{"line":550,"column":0},"end":{"line":550,"column":153}},"550":{"start":{"line":551,"column":0},"end":{"line":551,"column":157}},"551":{"start":{"line":552,"column":0},"end":{"line":552,"column":244}},"552":{"start":{"line":553,"column":0},"end":{"line":553,"column":129}},"553":{"start":{"line":554,"column":0},"end":{"line":554,"column":112}},"554":{"start":{"line":555,"column":0},"end":{"line":555,"column":94}},"555":{"start":{"line":556,"column":0},"end":{"line":556,"column":247}},"556":{"start":{"line":557,"column":0},"end":{"line":557,"column":129}},"557":{"start":{"line":558,"column":0},"end":{"line":558,"column":115}},"558":{"start":{"line":559,"column":0},"end":{"line":559,"column":97}},"559":{"start":{"line":560,"column":0},"end":{"line":560,"column":251}},"560":{"start":{"line":561,"column":0},"end":{"line":561,"column":147}},"561":{"start":{"line":562,"column":0},"end":{"line":562,"column":115}},"562":{"start":{"line":563,"column":0},"end":{"line":563,"column":106}},"563":{"start":{"line":564,"column":0},"end":{"line":564,"column":205}},"564":{"start":{"line":565,"column":0},"end":{"line":565,"column":128}},"565":{"start":{"line":566,"column":0},"end":{"line":566,"column":12}},"566":{"start":{"line":567,"column":0},"end":{"line":567,"column":0}},"567":{"start":{"line":568,"column":0},"end":{"line":568,"column":157}},"568":{"start":{"line":569,"column":0},"end":{"line":569,"column":131}},"569":{"start":{"line":570,"column":0},"end":{"line":570,"column":181}},"570":{"start":{"line":571,"column":0},"end":{"line":571,"column":150}},"571":{"start":{"line":572,"column":0},"end":{"line":572,"column":50}},"572":{"start":{"line":573,"column":0},"end":{"line":573,"column":135}},"573":{"start":{"line":574,"column":0},"end":{"line":574,"column":94}},"574":{"start":{"line":575,"column":0},"end":{"line":575,"column":153}},"575":{"start":{"line":576,"column":0},"end":{"line":576,"column":193}},"576":{"start":{"line":577,"column":0},"end":{"line":577,"column":191}},"577":{"start":{"line":578,"column":0},"end":{"line":578,"column":160}},"578":{"start":{"line":579,"column":0},"end":{"line":579,"column":160}},"579":{"start":{"line":580,"column":0},"end":{"line":580,"column":128}},"580":{"start":{"line":581,"column":0},"end":{"line":581,"column":197}},"581":{"start":{"line":582,"column":0},"end":{"line":582,"column":175}},"582":{"start":{"line":583,"column":0},"end":{"line":583,"column":181}},"583":{"start":{"line":584,"column":0},"end":{"line":584,"column":82}},"584":{"start":{"line":585,"column":0},"end":{"line":585,"column":202}},"585":{"start":{"line":586,"column":0},"end":{"line":586,"column":171}},"586":{"start":{"line":587,"column":0},"end":{"line":587,"column":87}},"587":{"start":{"line":588,"column":0},"end":{"line":588,"column":196}},"588":{"start":{"line":589,"column":0},"end":{"line":589,"column":176}},"589":{"start":{"line":590,"column":0},"end":{"line":590,"column":89}},"590":{"start":{"line":591,"column":0},"end":{"line":591,"column":203}},"591":{"start":{"line":592,"column":0},"end":{"line":592,"column":171}},"592":{"start":{"line":593,"column":0},"end":{"line":593,"column":90}},"593":{"start":{"line":594,"column":0},"end":{"line":594,"column":235}},"594":{"start":{"line":595,"column":0},"end":{"line":595,"column":202}},"595":{"start":{"line":596,"column":0},"end":{"line":596,"column":12}},"596":{"start":{"line":597,"column":0},"end":{"line":597,"column":0}},"597":{"start":{"line":598,"column":0},"end":{"line":598,"column":72}},"598":{"start":{"line":599,"column":0},"end":{"line":599,"column":161}},"599":{"start":{"line":600,"column":0},"end":{"line":600,"column":76}},"600":{"start":{"line":601,"column":0},"end":{"line":601,"column":67}},"601":{"start":{"line":602,"column":0},"end":{"line":602,"column":180}},"602":{"start":{"line":603,"column":0},"end":{"line":603,"column":207}},"603":{"start":{"line":604,"column":0},"end":{"line":604,"column":184}},"604":{"start":{"line":605,"column":0},"end":{"line":605,"column":121}},"605":{"start":{"line":606,"column":0},"end":{"line":606,"column":108}},"606":{"start":{"line":607,"column":0},"end":{"line":607,"column":80}},"607":{"start":{"line":608,"column":0},"end":{"line":608,"column":166}},"608":{"start":{"line":609,"column":0},"end":{"line":609,"column":119}},"609":{"start":{"line":610,"column":0},"end":{"line":610,"column":119}},"610":{"start":{"line":611,"column":0},"end":{"line":611,"column":141}},"611":{"start":{"line":612,"column":0},"end":{"line":612,"column":170}},"612":{"start":{"line":613,"column":0},"end":{"line":613,"column":96}},"613":{"start":{"line":614,"column":0},"end":{"line":614,"column":198}},"614":{"start":{"line":615,"column":0},"end":{"line":615,"column":12}},"615":{"start":{"line":616,"column":0},"end":{"line":616,"column":0}},"616":{"start":{"line":617,"column":0},"end":{"line":617,"column":197}},"617":{"start":{"line":618,"column":0},"end":{"line":618,"column":54}},"618":{"start":{"line":619,"column":0},"end":{"line":619,"column":105}},"619":{"start":{"line":620,"column":0},"end":{"line":620,"column":62}},"620":{"start":{"line":621,"column":0},"end":{"line":621,"column":174}},"621":{"start":{"line":622,"column":0},"end":{"line":622,"column":136}},"622":{"start":{"line":623,"column":0},"end":{"line":623,"column":134}},"623":{"start":{"line":624,"column":0},"end":{"line":624,"column":162}},"624":{"start":{"line":625,"column":0},"end":{"line":625,"column":148}},"625":{"start":{"line":626,"column":0},"end":{"line":626,"column":87}},"626":{"start":{"line":627,"column":0},"end":{"line":627,"column":167}},"627":{"start":{"line":628,"column":0},"end":{"line":628,"column":18}},"628":{"start":{"line":629,"column":0},"end":{"line":629,"column":0}},"629":{"start":{"line":630,"column":0},"end":{"line":630,"column":57}},"630":{"start":{"line":631,"column":0},"end":{"line":631,"column":11}},"631":{"start":{"line":632,"column":0},"end":{"line":632,"column":57}},"632":{"start":{"line":633,"column":0},"end":{"line":633,"column":31}},"633":{"start":{"line":634,"column":0},"end":{"line":634,"column":107}},"634":{"start":{"line":635,"column":0},"end":{"line":635,"column":45}},"635":{"start":{"line":636,"column":0},"end":{"line":636,"column":36}},"636":{"start":{"line":637,"column":0},"end":{"line":637,"column":36}},"637":{"start":{"line":638,"column":0},"end":{"line":638,"column":46}},"638":{"start":{"line":639,"column":0},"end":{"line":639,"column":39}},"639":{"start":{"line":640,"column":0},"end":{"line":640,"column":44}},"640":{"start":{"line":641,"column":0},"end":{"line":641,"column":50}},"641":{"start":{"line":642,"column":0},"end":{"line":642,"column":50}},"642":{"start":{"line":643,"column":0},"end":{"line":643,"column":50}},"643":{"start":{"line":644,"column":0},"end":{"line":644,"column":26}},"644":{"start":{"line":645,"column":0},"end":{"line":645,"column":0}},"645":{"start":{"line":646,"column":0},"end":{"line":646,"column":24}},"646":{"start":{"line":647,"column":0},"end":{"line":647,"column":19}},"647":{"start":{"line":648,"column":0},"end":{"line":648,"column":18}},"648":{"start":{"line":649,"column":0},"end":{"line":649,"column":38}},"649":{"start":{"line":650,"column":0},"end":{"line":650,"column":25}},"650":{"start":{"line":651,"column":0},"end":{"line":651,"column":58}},"651":{"start":{"line":652,"column":0},"end":{"line":652,"column":76}},"652":{"start":{"line":653,"column":0},"end":{"line":653,"column":7}},"653":{"start":{"line":654,"column":0},"end":{"line":654,"column":23}},"654":{"start":{"line":655,"column":0},"end":{"line":655,"column":9}},"655":{"start":{"line":656,"column":0},"end":{"line":656,"column":9}},"656":{"start":{"line":657,"column":0},"end":{"line":657,"column":0}},"657":{"start":{"line":658,"column":0},"end":{"line":658,"column":25}},"658":{"start":{"line":659,"column":0},"end":{"line":659,"column":19}},"659":{"start":{"line":660,"column":0},"end":{"line":660,"column":22}},"660":{"start":{"line":661,"column":0},"end":{"line":661,"column":18}},"661":{"start":{"line":662,"column":0},"end":{"line":662,"column":29}},"662":{"start":{"line":663,"column":0},"end":{"line":663,"column":43}},"663":{"start":{"line":664,"column":0},"end":{"line":664,"column":47}},"664":{"start":{"line":665,"column":0},"end":{"line":665,"column":34}},"665":{"start":{"line":666,"column":0},"end":{"line":666,"column":80}},"666":{"start":{"line":667,"column":0},"end":{"line":667,"column":33}},"667":{"start":{"line":668,"column":0},"end":{"line":668,"column":76}},"668":{"start":{"line":669,"column":0},"end":{"line":669,"column":52}},"669":{"start":{"line":670,"column":0},"end":{"line":670,"column":49}},"670":{"start":{"line":671,"column":0},"end":{"line":671,"column":14}},"671":{"start":{"line":672,"column":0},"end":{"line":672,"column":64}},"672":{"start":{"line":673,"column":0},"end":{"line":673,"column":47}},"673":{"start":{"line":674,"column":0},"end":{"line":674,"column":7}},"674":{"start":{"line":675,"column":0},"end":{"line":675,"column":22}},"675":{"start":{"line":676,"column":0},"end":{"line":676,"column":9}},"676":{"start":{"line":677,"column":0},"end":{"line":677,"column":13}},"677":{"start":{"line":678,"column":0},"end":{"line":678,"column":0}},"678":{"start":{"line":679,"column":0},"end":{"line":679,"column":14}},"679":{"start":{"line":680,"column":0},"end":{"line":680,"column":19}},"680":{"start":{"line":681,"column":0},"end":{"line":681,"column":33}},"681":{"start":{"line":682,"column":0},"end":{"line":682,"column":38}},"682":{"start":{"line":683,"column":0},"end":{"line":683,"column":73}},"683":{"start":{"line":684,"column":0},"end":{"line":684,"column":25}},"684":{"start":{"line":685,"column":0},"end":{"line":685,"column":47}},"685":{"start":{"line":686,"column":0},"end":{"line":686,"column":80}},"686":{"start":{"line":687,"column":0},"end":{"line":687,"column":26}},"687":{"start":{"line":688,"column":0},"end":{"line":688,"column":7}},"688":{"start":{"line":689,"column":0},"end":{"line":689,"column":12}},"689":{"start":{"line":690,"column":0},"end":{"line":690,"column":33}},"690":{"start":{"line":691,"column":0},"end":{"line":691,"column":24}},"691":{"start":{"line":692,"column":0},"end":{"line":692,"column":0}},"692":{"start":{"line":693,"column":0},"end":{"line":693,"column":68}},"693":{"start":{"line":694,"column":0},"end":{"line":694,"column":150}},"694":{"start":{"line":695,"column":0},"end":{"line":695,"column":148}},"695":{"start":{"line":696,"column":0},"end":{"line":696,"column":24}},"696":{"start":{"line":697,"column":0},"end":{"line":697,"column":162}},"697":{"start":{"line":698,"column":0},"end":{"line":698,"column":157}},"698":{"start":{"line":699,"column":0},"end":{"line":699,"column":133}},"699":{"start":{"line":700,"column":0},"end":{"line":700,"column":59}},"700":{"start":{"line":701,"column":0},"end":{"line":701,"column":69}},"701":{"start":{"line":702,"column":0},"end":{"line":702,"column":77}},"702":{"start":{"line":703,"column":0},"end":{"line":703,"column":123}},"703":{"start":{"line":704,"column":0},"end":{"line":704,"column":96}},"704":{"start":{"line":705,"column":0},"end":{"line":705,"column":119}},"705":{"start":{"line":706,"column":0},"end":{"line":706,"column":63}},"706":{"start":{"line":707,"column":0},"end":{"line":707,"column":4}},"707":{"start":{"line":708,"column":0},"end":{"line":708,"column":0}},"708":{"start":{"line":709,"column":0},"end":{"line":709,"column":92}},"709":{"start":{"line":710,"column":0},"end":{"line":710,"column":101}},"710":{"start":{"line":711,"column":0},"end":{"line":711,"column":119}},"711":{"start":{"line":712,"column":0},"end":{"line":712,"column":0}},"712":{"start":{"line":713,"column":0},"end":{"line":713,"column":12}},"713":{"start":{"line":714,"column":0},"end":{"line":714,"column":205}},"714":{"start":{"line":715,"column":0},"end":{"line":715,"column":157}},"715":{"start":{"line":716,"column":0},"end":{"line":716,"column":0}},"716":{"start":{"line":717,"column":0},"end":{"line":717,"column":10}},"717":{"start":{"line":718,"column":0},"end":{"line":718,"column":74}},"718":{"start":{"line":719,"column":0},"end":{"line":719,"column":0}},"719":{"start":{"line":720,"column":0},"end":{"line":720,"column":83}},"720":{"start":{"line":721,"column":0},"end":{"line":721,"column":192}},"721":{"start":{"line":722,"column":0},"end":{"line":722,"column":142}},"722":{"start":{"line":723,"column":0},"end":{"line":723,"column":87}},"723":{"start":{"line":724,"column":0},"end":{"line":724,"column":0}},"724":{"start":{"line":725,"column":0},"end":{"line":725,"column":10}},"725":{"start":{"line":726,"column":0},"end":{"line":726,"column":63}},"726":{"start":{"line":727,"column":0},"end":{"line":727,"column":22}},"727":{"start":{"line":728,"column":0},"end":{"line":728,"column":26}},"728":{"start":{"line":729,"column":0},"end":{"line":729,"column":123}},"729":{"start":{"line":730,"column":0},"end":{"line":730,"column":85}},"730":{"start":{"line":731,"column":0},"end":{"line":731,"column":90}},"731":{"start":{"line":732,"column":0},"end":{"line":732,"column":12}},"732":{"start":{"line":733,"column":0},"end":{"line":733,"column":0}},"733":{"start":{"line":734,"column":0},"end":{"line":734,"column":20}},"734":{"start":{"line":735,"column":0},"end":{"line":735,"column":187}},"735":{"start":{"line":736,"column":0},"end":{"line":736,"column":69}},"736":{"start":{"line":737,"column":0},"end":{"line":737,"column":147}},"737":{"start":{"line":738,"column":0},"end":{"line":738,"column":172}},"738":{"start":{"line":739,"column":0},"end":{"line":739,"column":99}},"739":{"start":{"line":740,"column":0},"end":{"line":740,"column":166}},"740":{"start":{"line":741,"column":0},"end":{"line":741,"column":119}},"741":{"start":{"line":742,"column":0},"end":{"line":742,"column":132}},"742":{"start":{"line":743,"column":0},"end":{"line":743,"column":116}},"743":{"start":{"line":744,"column":0},"end":{"line":744,"column":165}},"744":{"start":{"line":745,"column":0},"end":{"line":745,"column":79}},"745":{"start":{"line":746,"column":0},"end":{"line":746,"column":0}},"746":{"start":{"line":747,"column":0},"end":{"line":747,"column":53}},"747":{"start":{"line":748,"column":0},"end":{"line":748,"column":126}},"748":{"start":{"line":749,"column":0},"end":{"line":749,"column":0}},"749":{"start":{"line":750,"column":0},"end":{"line":750,"column":18}},"750":{"start":{"line":751,"column":0},"end":{"line":751,"column":36}},"751":{"start":{"line":752,"column":0},"end":{"line":752,"column":68}},"752":{"start":{"line":753,"column":0},"end":{"line":753,"column":68}},"753":{"start":{"line":754,"column":0},"end":{"line":754,"column":59}},"754":{"start":{"line":755,"column":0},"end":{"line":755,"column":60}},"755":{"start":{"line":756,"column":0},"end":{"line":756,"column":10}},"756":{"start":{"line":757,"column":0},"end":{"line":757,"column":0}},"757":{"start":{"line":758,"column":0},"end":{"line":758,"column":101}},"758":{"start":{"line":759,"column":0},"end":{"line":759,"column":166}},"759":{"start":{"line":760,"column":0},"end":{"line":760,"column":0}},"760":{"start":{"line":761,"column":0},"end":{"line":761,"column":84}},"761":{"start":{"line":762,"column":0},"end":{"line":762,"column":35}},"762":{"start":{"line":763,"column":0},"end":{"line":763,"column":111}},"763":{"start":{"line":764,"column":0},"end":{"line":764,"column":10}},"764":{"start":{"line":765,"column":0},"end":{"line":765,"column":4}},"765":{"start":{"line":766,"column":0},"end":{"line":766,"column":1}}},"s":{"0":0,"1":0,"2":0,"3":0,"4":0,"5":0,"6":0,"7":0,"8":0,"9":0,"10":0,"11":0,"12":0,"13":0,"14":0,"15":0,"16":0,"17":0,"18":0,"19":0,"20":0,"21":0,"22":0,"23":0,"24":0,"25":0,"26":0,"27":0,"28":0,"29":0,"30":0,"31":0,"32":0,"33":0,"34":0,"35":0,"36":0,"37":0,"38":0,"39":0,"40":0,"41":0,"42":0,"43":0,"44":0,"45":0,"46":0,"47":0,"48":0,"49":0,"50":0,"51":0,"52":0,"53":0,"54":0,"55":0,"56":0,"57":0,"58":0,"59":0,"60":0,"61":0,"62":0,"63":0,"64":0,"65":0,"66":0,"67":0,"68":0,"69":0,"70":0,"71":0,"72":0,"73":0,"74":0,"75":0,"76":0,"77":0,"78":0,"79":0,"80":0,"81":0,"82":0,"83":0,"84":0,"85":0,"86":0,"87":0,"88":0,"89":0,"90":0,"91":0,"92":0,"93":0,"94":0,"95":0,"96":0,"97":0,"98":0,"99":0,"100":0,"101":0,"102":0,"103":0,"104":0,"105":0,"106":0,"107":0,"108":0,"109":0,"110":0,"111":0,"112":0,"113":0,"114":0,"115":0,"116":0,"117":0,"118":0,"119":0,"120":0,"121":0,"122":0,"123":0,"124":0,"125":0,"126":0,"127":0,"128":0,"129":0,"130":0,"131":0,"132":0,"133":0,"134":0,"135":0,"136":0,"137":0,"138":0,"139":0,"140":0,"141":0,"142":0,"143":0,"144":0,"145":0,"146":0,"147":0,"148":0,"149":0,"150":0,"151":0,"152":0,"153":0,"154":0,"155":0,"156":0,"157":0,"158":0,"159":0,"160":0,"161":0,"162":0,"163":0,"164":0,"165":0,"166":0,"167":0,"168":0,"169":0,"170":0,"171":0,"172":0,"173":0,"174":0,"175":0,"176":0,"177":0,"178":0,"179":0,"180":0,"181":0,"182":0,"183":0,"184":0,"185":0,"186":0,"187":0,"188":0,"189":0,"190":0,"191":0,"192":0,"193":0,"194":0,"195":0,"196":0,"197":0,"198":0,"199":0,"200":0,"201":0,"202":0,"203":0,"204":0,"205":0,"206":0,"207":0,"208":0,"209":0,"210":0,"211":0,"212":0,"213":0,"214":0,"215":0,"216":0,"217":0,"218":0,"219":0,"220":0,"221":0,"222":0,"223":0,"224":0,"225":0,"226":0,"227":0,"228":0,"229":0,"230":0,"231":0,"232":0,"233":0,"234":0,"235":0,"236":0,"237":0,"238":0,"239":0,"240":0,"241":0,"242":0,"243":0,"244":0,"245":0,"246":0,"247":0,"248":0,"249":0,"250":0,"251":0,"252":0,"253":0,"254":0,"255":0,"256":0,"257":0,"258":0,"259":0,"260":0,"261":0,"262":0,"263":0,"264":0,"265":0,"266":0,"267":0,"268":0,"269":0,"270":0,"271":0,"272":0,"273":0,"274":0,"275":0,"276":0,"277":0,"278":0,"279":0,"280":0,"281":0,"282":0,"283":0,"284":0,"285":0,"286":0,"287":0,"288":0,"289":0,"290":0,"291":0,"292":0,"293":0,"294":0,"295":0,"296":0,"297":0,"298":0,"299":0,"300":0,"301":0,"302":0,"303":0,"304":0,"305":0,"306":0,"307":0,"308":0,"309":0,"310":0,"311":0,"312":0,"313":0,"314":0,"315":0,"316":0,"317":0,"318":0,"319":0,"320":0,"321":0,"322":0,"323":0,"324":0,"325":0,"326":0,"327":0,"328":0,"329":0,"330":0,"331":0,"332":0,"333":0,"334":0,"335":0,"336":0,"337":0,"338":0,"339":0,"340":0,"341":0,"342":0,"343":0,"344":0,"345":0,"346":0,"347":0,"348":0,"349":0,"350":0,"351":0,"352":0,"353":0,"354":0,"355":0,"356":0,"357":0,"358":0,"359":0,"360":0,"361":0,"362":0,"363":0,"364":0,"365":0,"366":0,"367":0,"368":0,"369":0,"370":0,"371":0,"372":0,"373":0,"374":0,"375":0,"376":0,"377":0,"378":0,"379":0,"380":0,"381":0,"382":0,"383":0,"384":0,"385":0,"386":0,"387":0,"388":0,"389":0,"390":0,"391":0,"392":0,"393":0,"394":0,"395":0,"396":0,"397":0,"398":0,"399":0,"400":0,"401":0,"402":0,"403":0,"404":0,"405":0,"406":0,"407":0,"408":0,"409":0,"410":0,"411":0,"412":0,"413":0,"414":0,"415":0,"416":0,"417":0,"418":0,"419":0,"420":0,"421":0,"422":0,"423":0,"424":0,"425":0,"426":0,"427":0,"428":0,"429":0,"430":0,"431":0,"432":0,"433":0,"434":0,"435":0,"436":0,"437":0,"438":0,"439":0,"440":0,"441":0,"442":0,"443":0,"444":0,"445":0,"446":0,"447":0,"448":0,"449":0,"450":0,"451":0,"452":0,"453":0,"454":0,"455":0,"456":0,"457":0,"458":0,"459":0,"460":0,"461":0,"462":0,"463":0,"464":0,"465":0,"466":0,"467":0,"468":0,"469":0,"470":0,"471":0,"472":0,"473":0,"474":0,"475":0,"476":0,"477":0,"478":0,"479":0,"480":0,"481":0,"482":0,"483":0,"484":0,"485":0,"486":0,"487":0,"488":0,"489":0,"490":0,"491":0,"492":0,"493":0,"494":0,"495":0,"496":0,"497":0,"498":0,"499":0,"500":0,"501":0,"502":0,"503":0,"504":0,"505":0,"506":0,"507":0,"508":0,"509":0,"510":0,"511":0,"512":0,"513":0,"514":0,"515":0,"516":0,"517":0,"518":0,"519":0,"520":0,"521":0,"522":0,"523":0,"524":0,"525":0,"526":0,"527":0,"528":0,"529":0,"530":0,"531":0,"532":0,"533":0,"534":0,"535":0,"536":0,"537":0,"538":0,"539":0,"540":0,"541":0,"542":0,"543":0,"544":0,"545":0,"546":0,"547":0,"548":0,"549":0,"550":0,"551":0,"552":0,"553":0,"554":0,"555":0,"556":0,"557":0,"558":0,"559":0,"560":0,"561":0,"562":0,"563":0,"564":0,"565":0,"566":0,"567":0,"568":0,"569":0,"570":0,"571":0,"572":0,"573":0,"574":0,"575":0,"576":0,"577":0,"578":0,"579":0,"580":0,"581":0,"582":0,"583":0,"584":0,"585":0,"586":0,"587":0,"588":0,"589":0,"590":0,"591":0,"592":0,"593":0,"594":0,"595":0,"596":0,"597":0,"598":0,"599":0,"600":0,"601":0,"602":0,"603":0,"604":0,"605":0,"606":0,"607":0,"608":0,"609":0,"610":0,"611":0,"612":0,"613":0,"614":0,"615":0,"616":0,"617":0,"618":0,"619":0,"620":0,"621":0,"622":0,"623":0,"624":0,"625":0,"626":0,"627":0,"628":0,"629":0,"630":0,"631":0,"632":0,"633":0,"634":0,"635":0,"636":0,"637":0,"638":0,"639":0,"640":0,"641":0,"642":0,"643":0,"644":0,"645":0,"646":0,"647":0,"648":0,"649":0,"650":0,"651":0,"652":0,"653":0,"654":0,"655":0,"656":0,"657":0,"658":0,"659":0,"660":0,"661":0,"662":0,"663":0,"664":0,"665":0,"666":0,"667":0,"668":0,"669":0,"670":0,"671":0,"672":0,"673":0,"674":0,"675":0,"676":0,"677":0,"678":0,"679":0,"680":0,"681":0,"682":0,"683":0,"684":0,"685":0,"686":0,"687":0,"688":0,"689":0,"690":0,"691":0,"692":0,"693":0,"694":0,"695":0,"696":0,"697":0,"698":0,"699":0,"700":0,"701":0,"702":0,"703":0,"704":0,"705":0,"706":0,"707":0,"708":0,"709":0,"710":0,"711":0,"712":0,"713":0,"714":0,"715":0,"716":0,"717":0,"718":0,"719":0,"720":0,"721":0,"722":0,"723":0,"724":0,"725":0,"726":0,"727":0,"728":0,"729":0,"730":0,"731":0,"732":0,"733":0,"734":0,"735":0,"736":0,"737":0,"738":0,"739":0,"740":0,"741":0,"742":0,"743":0,"744":0,"745":0,"746":0,"747":0,"748":0,"749":0,"750":0,"751":0,"752":0,"753":0,"754":0,"755":0,"756":0,"757":0,"758":0,"759":0,"760":0,"761":0,"762":0,"763":0,"764":0,"765":0},"branchMap":{"0":{"type":"branch","line":1,"loc":{"start":{"line":1,"column":0},"end":{"line":766,"column":1}},"locations":[{"start":{"line":1,"column":0},"end":{"line":766,"column":1}}]}},"b":{"0":[0]},"fnMap":{"0":{"name":"(empty-report)","decl":{"start":{"line":1,"column":0},"end":{"line":766,"column":1}},"loc":{"start":{"line":1,"column":0},"end":{"line":766,"column":1}},"line":1}},"f":{"0":0}}
,"C:\\Users\\WILBERT\\Desktop\\app finanzas\\src\\utils\\calculations.js": {"path":"C:\\Users\\WILBERT\\Desktop\\app finanzas\\src\\utils\\calculations.js","all":false,"statementMap":{"0":{"start":{"line":1,"column":0},"end":{"line":1,"column":57}},"1":{"start":{"line":2,"column":0},"end":{"line":2,"column":25}},"2":{"start":{"line":3,"column":0},"end":{"line":3,"column":57}},"4":{"start":{"line":5,"column":0},"end":{"line":5,"column":36}},"5":{"start":{"line":6,"column":0},"end":{"line":6,"column":59}},"7":{"start":{"line":8,"column":0},"end":{"line":8,"column":35}},"8":{"start":{"line":9,"column":0},"end":{"line":9,"column":72}},"10":{"start":{"line":11,"column":0},"end":{"line":11,"column":38}},"11":{"start":{"line":12,"column":0},"end":{"line":12,"column":48}},"13":{"start":{"line":14,"column":0},"end":{"line":14,"column":42}},"14":{"start":{"line":15,"column":0},"end":{"line":15,"column":23}},"15":{"start":{"line":16,"column":0},"end":{"line":16,"column":97}},"17":{"start":{"line":18,"column":0},"end":{"line":18,"column":57}},"18":{"start":{"line":19,"column":0},"end":{"line":19,"column":25}},"19":{"start":{"line":20,"column":0},"end":{"line":20,"column":57}},"21":{"start":{"line":22,"column":0},"end":{"line":22,"column":3}},"22":{"start":{"line":23,"column":0},"end":{"line":23,"column":31}},"23":{"start":{"line":24,"column":0},"end":{"line":24,"column":40}},"24":{"start":{"line":25,"column":0},"end":{"line":25,"column":32}},"25":{"start":{"line":26,"column":0},"end":{"line":26,"column":3}},"26":{"start":{"line":27,"column":0},"end":{"line":27,"column":24}},"27":{"start":{"line":28,"column":0},"end":{"line":28,"column":21}},"28":{"start":{"line":29,"column":0},"end":{"line":29,"column":53}},"29":{"start":{"line":30,"column":0},"end":{"line":30,"column":36}},"31":{"start":{"line":32,"column":0},"end":{"line":32,"column":3}},"32":{"start":{"line":33,"column":0},"end":{"line":33,"column":69}},"33":{"start":{"line":34,"column":0},"end":{"line":34,"column":3}},"34":{"start":{"line":35,"column":0},"end":{"line":35,"column":79}},"36":{"start":{"line":37,"column":0},"end":{"line":37,"column":3}},"37":{"start":{"line":38,"column":0},"end":{"line":38,"column":52}},"38":{"start":{"line":39,"column":0},"end":{"line":39,"column":3}},"39":{"start":{"line":40,"column":0},"end":{"line":40,"column":34}},"40":{"start":{"line":41,"column":0},"end":{"line":41,"column":75}},"42":{"start":{"line":43,"column":0},"end":{"line":43,"column":3}},"43":{"start":{"line":44,"column":0},"end":{"line":44,"column":59}},"44":{"start":{"line":45,"column":0},"end":{"line":45,"column":3}},"45":{"start":{"line":46,"column":0},"end":{"line":46,"column":34}},"46":{"start":{"line":47,"column":0},"end":{"line":47,"column":75}},"48":{"start":{"line":49,"column":0},"end":{"line":49,"column":3}},"49":{"start":{"line":50,"column":0},"end":{"line":50,"column":65}},"50":{"start":{"line":51,"column":0},"end":{"line":51,"column":3}},"51":{"start":{"line":52,"column":0},"end":{"line":52,"column":25}},"52":{"start":{"line":53,"column":0},"end":{"line":53,"column":69}},"53":{"start":{"line":54,"column":0},"end":{"line":54,"column":72}},"54":{"start":{"line":55,"column":0},"end":{"line":55,"column":93}},"55":{"start":{"line":56,"column":0},"end":{"line":56,"column":93}},"56":{"start":{"line":57,"column":0},"end":{"line":57,"column":93}},"57":{"start":{"line":58,"column":0},"end":{"line":58,"column":69}},"58":{"start":{"line":59,"column":0},"end":{"line":59,"column":1}},"60":{"start":{"line":61,"column":0},"end":{"line":61,"column":3}},"61":{"start":{"line":62,"column":0},"end":{"line":62,"column":56}},"62":{"start":{"line":63,"column":0},"end":{"line":63,"column":37}},"63":{"start":{"line":64,"column":0},"end":{"line":64,"column":3}},"64":{"start":{"line":65,"column":0},"end":{"line":65,"column":28}},"65":{"start":{"line":66,"column":0},"end":{"line":66,"column":25}},"66":{"start":{"line":67,"column":0},"end":{"line":67,"column":22}},"67":{"start":{"line":68,"column":0},"end":{"line":68,"column":22}},"68":{"start":{"line":69,"column":0},"end":{"line":69,"column":32}},"69":{"start":{"line":70,"column":0},"end":{"line":70,"column":32}},"70":{"start":{"line":71,"column":0},"end":{"line":71,"column":56}},"71":{"start":{"line":72,"column":0},"end":{"line":72,"column":1}}},"s":{"0":1,"1":1,"2":1,"4":1,"5":1,"7":1,"8":1,"10":1,"11":1,"13":1,"14":1,"15":1,"17":1,"18":1,"19":1,"21":1,"22":1,"23":1,"24":1,"25":1,"26":1,"27":12,"28":12,"29":1,"31":1,"32":1,"33":1,"34":1,"36":1,"37":1,"38":1,"39":1,"40":1,"42":1,"43":1,"44":1,"45":1,"46":1,"48":1,"49":1,"50":1,"51":1,"52":7,"53":7,"54":7,"55":7,"56":7,"57":7,"58":7,"60":1,"61":1,"62":1,"63":1,"64":1,"65":6,"66":6,"67":6,"68":6,"69":6,"70":6,"71":6},"branchMap":{"0":{"type":"branch","line":6,"loc":{"start":{"line":6,"column":18},"end":{"line":6,"column":58}},"locations":[{"start":{"line":6,"column":18},"end":{"line":6,"column":58}}]},"1":{"type":"branch","line":9,"loc":{"start":{"line":9,"column":18},"end":{"line":9,"column":71}},"locations":[{"start":{"line":9,"column":18},"end":{"line":9,"column":71}}]},"2":{"type":"branch","line":9,"loc":{"start":{"line":9,"column":42},"end":{"line":9,"column":46}},"locations":[{"start":{"line":9,"column":42},"end":{"line":9,"column":46}}]},"3":{"type":"branch","line":12,"loc":{"start":{"line":12,"column":18},"end":{"line":12,"column":47}},"locations":[{"start":{"line":12,"column":18},"end":{"line":12,"column":47}}]},"4":{"type":"branch","line":12,"loc":{"start":{"line":12,"column":36},"end":{"line":12,"column":40}},"locations":[{"start":{"line":12,"column":36},"end":{"line":12,"column":40}}]},"5":{"type":"branch","line":15,"loc":{"start":{"line":15,"column":19},"end":{"line":16,"column":96}},"locations":[{"start":{"line":15,"column":19},"end":{"line":16,"column":96}}]},"6":{"type":"branch","line":16,"loc":{"start":{"line":16,"column":5},"end":{"line":16,"column":11}},"locations":[{"start":{"line":16,"column":5},"end":{"line":16,"column":11}}]},"7":{"type":"branch","line":16,"loc":{"start":{"line":16,"column":90},"end":{"line":16,"column":96}},"locations":[{"start":{"line":16,"column":90},"end":{"line":16,"column":96}}]},"8":{"type":"branch","line":16,"loc":{"start":{"line":16,"column":49},"end":{"line":16,"column":79}},"locations":[{"start":{"line":16,"column":49},"end":{"line":16,"column":79}}]},"9":{"type":"branch","line":16,"loc":{"start":{"line":16,"column":74},"end":{"line":16,"column":79}},"locations":[{"start":{"line":16,"column":74},"end":{"line":16,"column":79}}]},"10":{"type":"branch","line":27,"loc":{"start":{"line":27,"column":20},"end":{"line":30,"column":35}},"locations":[{"start":{"line":27,"column":20},"end":{"line":30,"column":35}}]},"11":{"type":"branch","line":29,"loc":{"start":{"line":29,"column":4},"end":{"line":29,"column":53}},"locations":[{"start":{"line":29,"column":4},"end":{"line":29,"column":53}}]},"12":{"type":"branch","line":29,"loc":{"start":{"line":29,"column":14},"end":{"line":29,"column":18}},"locations":[{"start":{"line":29,"column":14},"end":{"line":29,"column":18}}]},"13":{"type":"branch","line":29,"loc":{"start":{"line":29,"column":30},"end":{"line":29,"column":34}},"locations":[{"start":{"line":29,"column":30},"end":{"line":29,"column":34}}]},"14":{"type":"branch","line":29,"loc":{"start":{"line":29,"column":48},"end":{"line":29,"column":52}},"locations":[{"start":{"line":29,"column":48},"end":{"line":29,"column":52}}]},"15":{"type":"branch","line":30,"loc":{"start":{"line":30,"column":4},"end":{"line":30,"column":35}},"locations":[{"start":{"line":30,"column":4},"end":{"line":30,"column":35}}]},"16":{"type":"branch","line":30,"loc":{"start":{"line":30,"column":13},"end":{"line":30,"column":17}},"locations":[{"start":{"line":30,"column":13},"end":{"line":30,"column":17}}]},"17":{"type":"branch","line":30,"loc":{"start":{"line":30,"column":30},"end":{"line":30,"column":34}},"locations":[{"start":{"line":30,"column":30},"end":{"line":30,"column":34}}]},"18":{"type":"branch","line":35,"loc":{"start":{"line":35,"column":20},"end":{"line":35,"column":78}},"locations":[{"start":{"line":35,"column":20},"end":{"line":35,"column":78}}]},"19":{"type":"branch","line":35,"loc":{"start":{"line":35,"column":45},"end":{"line":35,"column":50}},"locations":[{"start":{"line":35,"column":45},"end":{"line":35,"column":50}}]},"20":{"type":"branch","line":35,"loc":{"start":{"line":35,"column":59},"end":{"line":35,"column":74}},"locations":[{"start":{"line":35,"column":59},"end":{"line":35,"column":74}}]},"21":{"type":"branch","line":40,"loc":{"start":{"line":40,"column":19},"end":{"line":41,"column":74}},"locations":[{"start":{"line":40,"column":19},"end":{"line":41,"column":74}}]},"22":{"type":"branch","line":41,"loc":{"start":{"line":41,"column":15},"end":{"line":41,"column":35}},"locations":[{"start":{"line":41,"column":15},"end":{"line":41,"column":35}}]},"23":{"type":"branch","line":41,"loc":{"start":{"line":41,"column":44},"end":{"line":41,"column":70}},"locations":[{"start":{"line":41,"column":44},"end":{"line":41,"column":70}}]},"24":{"type":"branch","line":41,"loc":{"start":{"line":41,"column":65},"end":{"line":41,"column":69}},"locations":[{"start":{"line":41,"column":65},"end":{"line":41,"column":69}}]},"25":{"type":"branch","line":46,"loc":{"start":{"line":46,"column":19},"end":{"line":47,"column":74}},"locations":[{"start":{"line":46,"column":19},"end":{"line":47,"column":74}}]},"26":{"type":"branch","line":47,"loc":{"start":{"line":47,"column":15},"end":{"line":47,"column":35}},"locations":[{"start":{"line":47,"column":15},"end":{"line":47,"column":35}}]},"27":{"type":"branch","line":47,"loc":{"start":{"line":47,"column":44},"end":{"line":47,"column":70}},"locations":[{"start":{"line":47,"column":44},"end":{"line":47,"column":70}}]},"28":{"type":"branch","line":47,"loc":{"start":{"line":47,"column":65},"end":{"line":47,"column":69}},"locations":[{"start":{"line":47,"column":65},"end":{"line":47,"column":69}}]},"29":{"type":"branch","line":52,"loc":{"start":{"line":52,"column":7},"end":{"line":59,"column":1}},"locations":[{"start":{"line":52,"column":7},"end":{"line":59,"column":1}}]},"30":{"type":"branch","line":53,"loc":{"start":{"line":53,"column":49},"end":{"line":53,"column":64}},"locations":[{"start":{"line":53,"column":49},"end":{"line":53,"column":64}}]},"31":{"type":"branch","line":54,"loc":{"start":{"line":54,"column":52},"end":{"line":54,"column":67}},"locations":[{"start":{"line":54,"column":52},"end":{"line":54,"column":67}}]},"32":{"type":"branch","line":55,"loc":{"start":{"line":55,"column":29},"end":{"line":55,"column":53}},"locations":[{"start":{"line":55,"column":29},"end":{"line":55,"column":53}}]},"33":{"type":"branch","line":55,"loc":{"start":{"line":55,"column":62},"end":{"line":55,"column":88}},"locations":[{"start":{"line":55,"column":62},"end":{"line":55,"column":88}}]},"34":{"type":"branch","line":55,"loc":{"start":{"line":55,"column":83},"end":{"line":55,"column":87}},"locations":[{"start":{"line":55,"column":83},"end":{"line":55,"column":87}}]},"35":{"type":"branch","line":56,"loc":{"start":{"line":56,"column":29},"end":{"line":56,"column":53}},"locations":[{"start":{"line":56,"column":29},"end":{"line":56,"column":53}}]},"36":{"type":"branch","line":56,"loc":{"start":{"line":56,"column":62},"end":{"line":56,"column":88}},"locations":[{"start":{"line":56,"column":62},"end":{"line":56,"column":88}}]},"37":{"type":"branch","line":56,"loc":{"start":{"line":56,"column":83},"end":{"line":56,"column":87}},"locations":[{"start":{"line":56,"column":83},"end":{"line":56,"column":87}}]},"38":{"type":"branch","line":57,"loc":{"start":{"line":57,"column":29},"end":{"line":57,"column":53}},"locations":[{"start":{"line":57,"column":29},"end":{"line":57,"column":53}}]},"39":{"type":"branch","line":57,"loc":{"start":{"line":57,"column":62},"end":{"line":57,"column":88}},"locations":[{"start":{"line":57,"column":62},"end":{"line":57,"column":88}}]},"40":{"type":"branch","line":57,"loc":{"start":{"line":57,"column":83},"end":{"line":57,"column":87}},"locations":[{"start":{"line":57,"column":83},"end":{"line":57,"column":87}}]},"41":{"type":"branch","line":65,"loc":{"start":{"line":65,"column":7},"end":{"line":72,"column":1}},"locations":[{"start":{"line":65,"column":7},"end":{"line":72,"column":1}}]}},"b":{"0":[5],"1":[7],"2":[3],"3":[6],"4":[3],"5":[7],"6":[3],"7":[0],"8":[9],"9":[0],"10":[12],"11":[3],"12":[2],"13":[2],"14":[2],"15":[9],"16":[2],"17":[7],"18":[10],"19":[1],"20":[17],"21":[13],"22":[27],"23":[12],"24":[1],"25":[11],"26":[16],"27":[9],"28":[1],"29":[7],"30":[36],"31":[30],"32":[12],"33":[6],"34":[0],"35":[6],"36":[6],"37":[0],"38":[12],"39":[6],"40":[0],"41":[6]},"fnMap":{"0":{"name":"cl","decl":{"start":{"line":6,"column":18},"end":{"line":6,"column":58}},"loc":{"start":{"line":6,"column":18},"end":{"line":6,"column":58}},"line":6},"1":{"name":"ef","decl":{"start":{"line":9,"column":18},"end":{"line":9,"column":71}},"loc":{"start":{"line":9,"column":18},"end":{"line":9,"column":71}},"line":9},"2":{"name":"ep","decl":{"start":{"line":12,"column":18},"end":{"line":12,"column":47}},"loc":{"start":{"line":12,"column":18},"end":{"line":12,"column":47}},"line":12},"3":{"name":"ini","decl":{"start":{"line":15,"column":19},"end":{"line":16,"column":96}},"loc":{"start":{"line":15,"column":19},"end":{"line":16,"column":96}},"line":15},"4":{"name":"pInc","decl":{"start":{"line":27,"column":20},"end":{"line":30,"column":35}},"loc":{"start":{"line":27,"column":20},"end":{"line":30,"column":35}},"line":27},"5":{"name":"pExp","decl":{"start":{"line":35,"column":20},"end":{"line":35,"column":78}},"loc":{"start":{"line":35,"column":20},"end":{"line":35,"column":78}},"line":35},"6":{"name":"pDC","decl":{"start":{"line":40,"column":19},"end":{"line":41,"column":74}},"loc":{"start":{"line":40,"column":19},"end":{"line":41,"column":74}},"line":40},"7":{"name":"pGA","decl":{"start":{"line":46,"column":19},"end":{"line":47,"column":74}},"loc":{"start":{"line":46,"column":19},"end":{"line":47,"column":74}},"line":46},"8":{"name":"jTot","decl":{"start":{"line":52,"column":7},"end":{"line":59,"column":1}},"loc":{"start":{"line":52,"column":7},"end":{"line":59,"column":1}},"line":52},"9":{"name":"pBal","decl":{"start":{"line":65,"column":7},"end":{"line":72,"column":1}},"loc":{"start":{"line":65,"column":7},"end":{"line":72,"column":1}},"line":65}},"f":{"0":5,"1":7,"2":6,"3":7,"4":12,"5":10,"6":13,"7":11,"8":7,"9":6}}
}
